<?xml version="1.0" encoding="UTF-8"?>
<testng-results ignored="1" total="8" passed="7" failed="0" skipped="0">
  <reporter-output>
  </reporter-output>
  <suite started-at="2020-12-01T15:25:17 IST" name="Suite" finished-at="2020-12-01T15:26:22 IST" duration-ms="65342">
    <groups>
      <group name="progression">
        <method signature="placeOrder.validateLogin()[pri:0, instance:MyStoreProject.MyStoreProjectE2E.placeOrder@2abf4075]" name="validateLogin" class="MyStoreProject.MyStoreProjectE2E.placeOrder"/>
        <method signature="placeOrder.searchProductAndCheckAvailability()[pri:0, instance:MyStoreProject.MyStoreProjectE2E.placeOrder@2abf4075]" name="searchProductAndCheckAvailability" class="MyStoreProject.MyStoreProjectE2E.placeOrder"/>
        <method signature="placeOrder.AddProductToTheCart()[pri:0, instance:MyStoreProject.MyStoreProjectE2E.placeOrder@2abf4075]" name="AddProductToTheCart" class="MyStoreProject.MyStoreProjectE2E.placeOrder"/>
        <method signature="placeOrder.checkOutAndvalidateTotalPrice()[pri:0, instance:MyStoreProject.MyStoreProjectE2E.placeOrder@2abf4075]" name="checkOutAndvalidateTotalPrice" class="MyStoreProject.MyStoreProjectE2E.placeOrder"/>
        <method signature="placeOrder.validateAddressPage()[pri:0, instance:MyStoreProject.MyStoreProjectE2E.placeOrder@2abf4075]" name="validateAddressPage" class="MyStoreProject.MyStoreProjectE2E.placeOrder"/>
        <method signature="placeOrder.validateShippingPage()[pri:0, instance:MyStoreProject.MyStoreProjectE2E.placeOrder@2abf4075]" name="validateShippingPage" class="MyStoreProject.MyStoreProjectE2E.placeOrder"/>
        <method signature="placeOrder.validatePaymentPage()[pri:0, instance:MyStoreProject.MyStoreProjectE2E.placeOrder@2abf4075]" name="validatePaymentPage" class="MyStoreProject.MyStoreProjectE2E.placeOrder"/>
      </group> <!-- progression -->
    </groups>
    <test started-at="2020-12-01T15:25:17 IST" name="progression" finished-at="2020-12-01T15:26:22 IST" duration-ms="65342">
      <class name="MyStoreProject.MyStoreProjectE2E.placeOrder">
        <test-method is-config="true" signature="setExtent()[pri:0, instance:MyStoreProject.MyStoreProjectE2E.placeOrder@2abf4075]" started-at="2020-12-01T15:25:17 IST" name="setExtent" finished-at="2020-12-01T15:25:17 IST" duration-ms="528" status="PASS">
          <reporter-output>
          </reporter-output>
        </test-method> <!-- setExtent -->
        <test-method is-config="true" signature="setup(java.lang.String, java.lang.String)[pri:0, instance:MyStoreProject.MyStoreProjectE2E.placeOrder@2abf4075]" started-at="2020-12-01T15:25:17 IST" name="setup" finished-at="2020-12-01T15:25:36 IST" duration-ms="18408" status="PASS">
          <params>
            <param index="0">
              <value>
                <![CDATA[http://automationpractice.com/index.php]]>
              </value>
            </param>
            <param index="1">
              <value>
                <![CDATA[]]>
              </value>
            </param>
          </params>
          <reporter-output>
          </reporter-output>
        </test-method> <!-- setup -->
        <test-method signature="validateLogin()[pri:0, instance:MyStoreProject.MyStoreProjectE2E.placeOrder@2abf4075]" started-at="2020-12-01T15:25:36 IST" name="validateLogin" finished-at="2020-12-01T15:25:55 IST" duration-ms="18933" status="PASS">
          <reporter-output>
          </reporter-output>
        </test-method> <!-- validateLogin -->
        <test-method signature="searchProductAndCheckAvailability()[pri:0, instance:MyStoreProject.MyStoreProjectE2E.placeOrder@2abf4075]" started-at="2020-12-01T15:25:55 IST" name="searchProductAndCheckAvailability" finished-at="2020-12-01T15:25:59 IST" depends-on-methods="MyStoreProject.MyStoreProjectE2E.placeOrder.validateLogin" duration-ms="3999" status="PASS">
          <reporter-output>
          </reporter-output>
        </test-method> <!-- searchProductAndCheckAvailability -->
        <test-method signature="AddProductToTheCart()[pri:0, instance:MyStoreProject.MyStoreProjectE2E.placeOrder@2abf4075]" started-at="2020-12-01T15:25:59 IST" name="AddProductToTheCart" finished-at="2020-12-01T15:26:09 IST" depends-on-methods="MyStoreProject.MyStoreProjectE2E.placeOrder.searchProductAndCheckAvailability" duration-ms="10688" status="PASS">
          <reporter-output>
          </reporter-output>
        </test-method> <!-- AddProductToTheCart -->
        <test-method signature="checkOutAndvalidateTotalPrice()[pri:0, instance:MyStoreProject.MyStoreProjectE2E.placeOrder@2abf4075]" started-at="2020-12-01T15:26:09 IST" name="checkOutAndvalidateTotalPrice" finished-at="2020-12-01T15:26:13 IST" depends-on-methods="MyStoreProject.MyStoreProjectE2E.placeOrder.AddProductToTheCart" duration-ms="3952" status="PASS">
          <reporter-output>
          </reporter-output>
        </test-method> <!-- checkOutAndvalidateTotalPrice -->
        <test-method signature="validateAddressPage()[pri:0, instance:MyStoreProject.MyStoreProjectE2E.placeOrder@2abf4075]" started-at="2020-12-01T15:26:13 IST" name="validateAddressPage" finished-at="2020-12-01T15:26:16 IST" depends-on-methods="MyStoreProject.MyStoreProjectE2E.placeOrder.checkOutAndvalidateTotalPrice" duration-ms="3037" status="PASS">
          <reporter-output>
          </reporter-output>
        </test-method> <!-- validateAddressPage -->
        <test-method signature="validateShippingPage()[pri:0, instance:MyStoreProject.MyStoreProjectE2E.placeOrder@2abf4075]" started-at="2020-12-01T15:26:16 IST" name="validateShippingPage" finished-at="2020-12-01T15:26:19 IST" depends-on-methods="MyStoreProject.MyStoreProjectE2E.placeOrder.validateAddressPage" duration-ms="2683" status="PASS">
          <reporter-output>
          </reporter-output>
        </test-method> <!-- validateShippingPage -->
        <test-method signature="validatePaymentPage()[pri:0, instance:MyStoreProject.MyStoreProjectE2E.placeOrder@2abf4075]" started-at="2020-12-01T15:26:19 IST" name="validatePaymentPage" finished-at="2020-12-01T15:26:22 IST" depends-on-methods="MyStoreProject.MyStoreProjectE2E.placeOrder.validateShippingPage" duration-ms="3164" status="PASS">
          <reporter-output>
          </reporter-output>
        </test-method> <!-- validatePaymentPage -->
        <test-method is-config="true" signature="tearDown()[pri:0, instance:MyStoreProject.MyStoreProjectE2E.placeOrder@2abf4075]" started-at="2020-12-01T15:26:22 IST" name="tearDown" finished-at="2020-12-01T15:26:22 IST" duration-ms="326" status="PASS">
          <reporter-output>
          </reporter-output>
        </test-method> <!-- tearDown -->
        <test-method is-config="true" signature="endExtent()[pri:0, instance:MyStoreProject.MyStoreProjectE2E.placeOrder@2abf4075]" started-at="2020-12-01T15:26:23 IST" name="endExtent" finished-at="2020-12-01T15:26:24 IST" duration-ms="1238" status="PASS">
          <reporter-output>
          </reporter-output>
        </test-method> <!-- endExtent -->
      </class> <!-- MyStoreProject.MyStoreProjectE2E.placeOrder -->
    </test> <!-- progression -->
  </suite> <!-- Suite -->
</testng-results>
