<?xml version="1.0" encoding="UTF-8"?>
<!-- Generated by org.testng.reporters.JUnitXMLReporter -->
<testsuite ignored="1" hostname="HYDPCM156681L" failures="0" tests="7" name="progression" time="65.342" errors="0" timestamp="2020-12-01T15:26:23 IST">
  <testcase classname="MyStoreProject.MyStoreProjectE2E.placeOrder" name="validateLogin" time="18.933"/>
  <testcase classname="MyStoreProject.MyStoreProjectE2E.placeOrder" name="searchProductAndCheckAvailability" time="3.999"/>
  <testcase classname="MyStoreProject.MyStoreProjectE2E.placeOrder" name="AddProductToTheCart" time="10.688"/>
  <testcase classname="MyStoreProject.MyStoreProjectE2E.placeOrder" name="checkOutAndvalidateTotalPrice" time="3.952"/>
  <testcase classname="MyStoreProject.MyStoreProjectE2E.placeOrder" name="validateAddressPage" time="3.037"/>
  <testcase classname="MyStoreProject.MyStoreProjectE2E.placeOrder" name="validateShippingPage" time="2.683"/>
  <testcase classname="MyStoreProject.MyStoreProjectE2E.placeOrder" name="validatePaymentPage" time="3.164"/>
  <testcase classname="MyStoreProject.MyStoreProjectE2E.placeOrder" name="placeTheOrder" time="0.0">
    <ignored/>
  </testcase> <!-- placeTheOrder -->
</testsuite> <!-- progression -->
