<?xml version="1.0" encoding="UTF-8"?>
<!-- Generated by org.testng.reporters.JUnitXMLReporter -->
<testsuite ignored="4" hostname="HYDPCM156681L" failures="0" tests="1" name="regression" time="32.785" errors="0" timestamp="2020-12-01T11:40:06 IST">
  <testcase classname="MyStoreProject.MyStoreProjectE2E.TestFailureAndSkip" name="TestSkip" time="0.008"/>
  <testcase classname="MyStoreProject.MyStoreProjectE2E.TestFailureAndSkip" name="TestFailure" time="0.0">
    <ignored/>
  </testcase> <!-- TestFailure -->
  <testcase classname="com.MyStoreProject.base.baseClass" name="@BeforeSuite setExtent" time="0.0">
    <ignored/>
  </testcase> <!-- @BeforeSuite setExtent -->
  <testcase classname="MyStoreProject.MyStoreProjectE2E.ValidateAddressPage" name="validateAddressPage" time="0.0">
    <ignored/>
  </testcase> <!-- validateAddressPage -->
  <testcase classname="com.MyStoreProject.base.baseClass" name="@AfterSuite endExtent" time="0.0">
    <ignored/>
  </testcase> <!-- @AfterSuite endExtent -->
</testsuite> <!-- regression -->
